<?xml version="1.0" encoding="UTF-8"?>
<testsuite name="dag1.SonarSweeperTest" tests="4" skipped="0" failures="0" errors="0" timestamp="2021-12-01T16:03:49" hostname="Tanets-MacBook-Pro-2.local" time="0.05">
  <properties/>
  <testcase name="getDepthMeasurementWindowedHappyPath$adventofcode()" classname="dag1.SonarSweeperTest" time="0.033"/>
  <testcase name="getDepthMeasurementFromTestfile$adventofcode()" classname="dag1.SonarSweeperTest" time="0.01"/>
  <testcase name="getDepthMeasurementWindowedFromTestFile$adventofcode()" classname="dag1.SonarSweeperTest" time="0.005"/>
  <testcase name="getDepthMeasurementHappyPath$adventofcode()" classname="dag1.SonarSweeperTest" time="0.001"/>
  <system-out><![CDATA[]]></system-out>
  <system-err><![CDATA[]]></system-err>
</testsuite>
